Adam Cheyer
Alan Fern	3191	29	0.143014
Alekh Agarwal	2458	23	0.112966
Alessandro Epasto	161	5	0.022202
Alex Beutel	541	12	0.054261
Alina Beygelzimer	2303	21	0.103513
Alon Orlitsky
Amir Globerson	3256	27	0.134950
Amr Ahmed	2844	25	0.123876
Ananda Suresh	295	9	0.039997
Anders Jonsson	1299	12	0.059043
Andreas Herzig	3824	37	0.180906
Anshumali Shrivastava	337	9	0.040262
Asuman Ozdaglar	11343	50	0.283430
Aviv Tamar	1228	14	0.067070
Ayanna Howard	2212	21	0.102939
Balaji Krishnapuram	2477	22	0.108848
Barbara Grosz
Bin Yu	29150	77	0.510185
Bryan Hooi
Carlos Guestrin	17063	59	0.357654
Chandra Chekuri	8798	49	0.263136
Chengqi Zhang	11445	40	0.241701
Chinmay Hegde	2060	15	0.076556
Chris J.C. Burges
Claire Monteleoni
Claire Tomlin
Claudia Perlich	1418	19	0.089455
Corinna Cortes	31575	40	0.368705
Craig A. Knoblock	16774	66	0.385492
Cristiano Castelfranchi	14039	57	0.330101
Cynthia Breazeal
Cynthia Dwork	22445	59	0.391611
Dan Doctoroff
Dan Klein	2038	7	0.042519
Daniel D Lee	46872	82	0.643184
Daniel Spielman	11787	47	0.273519
David Lehavi
David McAllester	17731	56	0.349157
David Silver	19276	73	0.430939
David W. Aha	15000	45	0.285316
Deborah L. McGuinness	37780	63	0.505312
Demis Hassabis	6045	28	0.156783
Dmitri Dolgov	1920	19	0.092622
J. Andrew Bagnell	7226	41	0.219319
Drew Purves	3473	33	0.161742
Elias Bareinboim	431	11	0.049329
Eric Horvitz	42799	103	0.706469
Eric Schadt	41736	88	0.636203
Erik Brynjolfsson	42911	71	0.571583
Fahiem Bacchus	9107	47	0.256611
Flavio Chierichetti	1151	17	0.079296
Florian Pommerening	150	8	0.034845
Gabriele Röger	544	12	0.054280
Garrett Thomas	1918	25	0.118033
Georg Gottlob	19356	69	0.414494
Gerhard Brewka	5835	37	0.193594
Greg Papadopoulos
Haim Sompolinsky	20449	65	0.404441
Haipeng Luo	181	7	0.030803
Hal Varian	66027	85	0.776749
Hila Nachliely
Hongyuan Zha	14883	60	0.348138
Hugh Durrant-Whyte	34131	72	0.520425
Hyun Ah Song
Irina Rish	4172	25	0.132254
James A. Hendler
James DiCarlo	3813	5	0.045244
Janardhan Rao Doppa	292	12	0.052690
Javier Segovia	2	1	0.004250
Jeff Bilmes	12204	54	0.305811
Jendrik Seipp	229	9	0.039580
Jennifer Chayes
Jeremy Frank	670	8	0.038125
Jian Tang	15058	48	0.298394
Jin Tian	15752	45	0.290061
Joe Hellerstein	35124	80	0.560588
Joelle Pineau	5615	33	0.175257
John Langford	21252	50	0.345948
Jonathan Gratch	9407	51	0.275453
Katrina Ligett	1469	16	0.077065
Kevin Leyton-Brown	8863	37	0.212698
Kijung Shin
Kristen Grauman	11117	54	0.298953
Kristin P. Bennett	9366	46	0.254007
Kyle Cranmer 	79249	118	1.000000
Larry Birnbaum	3666	31	0.154486
Lawrence Hunter	6456	42	0.218698
Léon Bottou	22898	54	0.373282
Lise Getoor	14600	53	0.316691
Longbing Cao	7107	38	0.205857
Ludwig Schmid	2210	19	0.094452
Lynne Parker	8631	43	0.236658
Malte Helmert	5146	32	0.168061
Manuel Gomez-Rodriguez	1875	16	0.079626
Manuela Veloso	26599	74	0.481378
Marc Raibert
Marti Hearst	25551	66	0.440868
Max Welling	8561	43	0.236217
Meinolf Sellmann
Michael Kearns	16058	62	0.364025
Michael Littman	29084	69	0.475870
Michael Wooldridge	55551	83	0.702179
Ming Zhang	16786	55	0.338958
Mitsuo Kawato	32282	83	0.555369
Mohak Shah
Nan Du	1983	19	0.093020
Nando de Freitas	22171	43	0.322085
Naveen Rao
Neil D Lawrence	7408	45	0.237417
Neil Shah	437	11	0.049367
Nestor Rychtyckyj	304	10	0.044291
Nick Bostrom	6447	37	0.197455
Oren Etzioni	28630	79	0.515379
Pascal Van Hentenryck	16303	55	0.335910
Paula Matuszek
Piotr Indyk	22759	63	0.410541
Prasad Tadepalli	2654	28	0.135389
Qiaozhu Mei	5126	33	0.172172
Ramasamy Uthurusamy
Raymond Mooney	25497	75	0.478663
Reid G. Smith	9739	24	0.163140
Renee Miller	8982	42	0.234636
Richard Wilkinson	494	8	0.037015
Rishabh Iyer	382	10	0.044783
Rob Fergus	23601	46	0.343819
Robert Grossman	9070	44	0.243665
Robert Holte	53993	66	0.620315
Roi Livni	107	6	0.026099
Rolf Pfeifer	11700	44	0.260259
Ron Kaplan	14194	48	0.292943
Ronny Kohavi	32795	50	0.418776
Rosalind Picard	37130	81	0.577482
Russ Tedrake	5598	34	0.179387
Sagi Schein
Saket Navlakha 	845	13	0.060416
Santosh Vempala	10344	48	0.268652
Satyen Kale	2865	27	0.132483
Sendhil Mullainathan	27411	60	0.427180
Sergey Levine	1403	20	0.093598
Sergio Jimenez	2072	21	0.102056
Sheila Mcllraith	14765	46	0.288071
Shipeng Yu	5445	32	0.169947
Silvio Lattanzi	1097	15	0.070481
Sofus Macskassy	2877	17	0.090186
Stan Matwin	7712	34	0.192725
Stefanie Jegelka	831	17	0.077277
Stephen Wright	37799	55	0.471533
Steve Young	24121	71	0.453032
Steven Phillips	1418	14	0.068269
Subhaneil Lahiri	332	7	0.031756
Sujith Ravi	1526	21	0.098611
Surya Ganguli
Susan Athey	7268	34	0.189923
Susan Holmes	7083	45	0.235366
Susan Murphy	7474	40	0.216647
Thad Starner	22643	59	0.392860
Thomas Dietterich	28967	65	0.458183
Thomas Richardson	21192	44	0.320146
Tony Jebara	8368	39	0.218050
Ugo Pagallo	463	12	0.053769
Ulrike von Luxburg	6871	26	0.153520
Usama Fayyad
Vahab Mirrokni	7397	40	0.216161
Vasilis Syrgkanis	471	11	0.049582
Vijay Kumar	60178	113	0.858490
Vincent Vanhoucke	7541	24	0.149273
Wei Li	64607	104	0.848298
Whitfield Diffie
Wolfram Burgard	52268	94	0.728076
Xuanlong Nguyen	2067	22	0.106262
Yi Wu	43027	79	0.606213
Zhaoshi Meng	169	6	0.026490
Jack Gallant	8648	40	0.224054
